<?xml version="1.0" encoding="UTF-8" ?>
<testsuite tests="3" failures="0" name="ClassTwoTest" time="0.011" errors="0" skipped="0">
  <properties>
    <property name="java.runtime.name" value="OpenJDK Runtime Environment"/>
    <property name="sun.boot.library.path" value="/home/cteyton/Documents/Work/ProMyze/Code/Themis/infrastructure/dev/sharedinfra/tools/jvm/java-8-openjdk-amd64/jre/lib/amd64"/>
    <property name="java.vm.version" value="25.72-b15"/>
    <property name="java.vm.vendor" value="Oracle Corporation"/>
    <property name="java.vendor.url" value="http://java.oracle.com/"/>
    <property name="path.separator" value=":"/>
    <property name="guice.disable.misplaced.annotation.check" value="true"/>
    <property name="java.vm.name" value="OpenJDK 64-Bit Server VM"/>
    <property name="file.encoding.pkg" value="sun.io"/>
    <property name="user.country" value="FR"/>
    <property name="sun.java.launcher" value="SUN_STANDARD"/>
    <property name="sun.os.patch.level" value="unknown"/>
    <property name="java.vm.specification.name" value="Java Virtual Machine Specification"/>
    <property name="user.dir" value="/home/cteyton/Documents/Work/ProMyze/Code/depot-test-git"/>
    <property name="sonar.junit.reportsPath" value="target/surefire-reports"/>
    <property name="java.runtime.version" value="1.8.0_72-internal-b15"/>
    <property name="java.awt.graphicsenv" value="sun.awt.X11GraphicsEnvironment"/>
    <property name="java.endorsed.dirs" value="/home/cteyton/Documents/Work/ProMyze/Code/Themis/infrastructure/dev/sharedinfra/tools/jvm/java-8-openjdk-amd64/jre/lib/endorsed"/>
    <property name="os.arch" value="amd64"/>
    <property name="java.io.tmpdir" value="/tmp"/>
    <property name="line.separator" value="
"/>
    <property name="java.vm.specification.vendor" value="Oracle Corporation"/>
    <property name="os.name" value="Linux"/>
    <property name="classworlds.conf" value="/home/cteyton/Documents/Work/ProMyze/Code/Themis/infrastructure/dev/sharedinfra/tools/execs/apache-maven-3.2.3/bin/m2.conf"/>
    <property name="sun.jnu.encoding" value="UTF-8"/>
    <property name="java.library.path" value="/usr/java/packages/lib/amd64:/usr/lib/x86_64-linux-gnu/jni:/lib/x86_64-linux-gnu:/usr/lib/x86_64-linux-gnu:/usr/lib/jni:/lib:/usr/lib"/>
    <property name="java.specification.name" value="Java Platform API Specification"/>
    <property name="java.class.version" value="52.0"/>
    <property name="sun.management.compiler" value="HotSpot 64-Bit Tiered Compilers"/>
    <property name="maven.test.failure.ignore" value="true"/>
    <property name="os.version" value="3.19.0-61-generic"/>
    <property name="sonar.java.coveragePlugin" value="jacoco"/>
    <property name="user.home" value="/home/cteyton"/>
    <property name="user.timezone" value="Europe/Paris"/>
    <property name="java.awt.printerjob" value="sun.print.PSPrinterJob"/>
    <property name="sonar.host.url" value="http://localhost:9000"/>
    <property name="java.specification.version" value="1.8"/>
    <property name="file.encoding" value="UTF-8"/>
    <property name="sonar.projectKey" value="hotfix"/>
    <property name="user.name" value="cteyton"/>
    <property name="java.class.path" value="/home/cteyton/Documents/Work/ProMyze/Code/Themis/infrastructure/dev/sharedinfra/tools/execs/apache-maven-3.2.3/boot/plexus-classworlds-2.5.1.jar"/>
    <property name="sonar.branch" value="master"/>
    <property name="java.vm.specification.version" value="1.8"/>
    <property name="sun.arch.data.model" value="64"/>
    <property name="java.home" value="/home/cteyton/Documents/Work/ProMyze/Code/Themis/infrastructure/dev/sharedinfra/tools/jvm/java-8-openjdk-amd64/jre"/>
    <property name="sun.java.command" value="org.codehaus.plexus.classworlds.launcher.Launcher clean org.jacoco:jacoco-maven-plugin:prepare-agent test install -Pcoverage-per-test sonar:sonar -Dsonar.host.url=http://localhost:9000 -Dsonar.branch=master -Dsonar.projectKey=hotfix -Dsonar.language=java -Dsonar.java.coveragePlugin=jacoco -Dsonar.jacoco.reportMissing.force.zero=true -Dmaven.test.failure.ignore=true -Dsonar.junit.reportsPath=target/surefire-reports -Dsonar.surefire.reportsPath=target/surefire-reports -Dsonar.jacoco.reportPath=target/jacoco.exec"/>
    <property name="java.specification.vendor" value="Oracle Corporation"/>
    <property name="user.language" value="fr"/>
    <property name="awt.toolkit" value="sun.awt.X11.XToolkit"/>
    <property name="java.vm.info" value="mixed mode"/>
    <property name="sonar.surefire.reportsPath" value="target/surefire-reports"/>
    <property name="java.version" value="1.8.0_72-internal"/>
    <property name="java.ext.dirs" value="/home/cteyton/Documents/Work/ProMyze/Code/Themis/infrastructure/dev/sharedinfra/tools/jvm/java-8-openjdk-amd64/jre/lib/ext:/usr/java/packages/lib/ext"/>
    <property name="securerandom.source" value="file:/dev/./urandom"/>
    <property name="sun.boot.class.path" value="/home/cteyton/Documents/Work/ProMyze/Code/Themis/infrastructure/dev/sharedinfra/tools/jvm/java-8-openjdk-amd64/jre/lib/resources.jar:/home/cteyton/Documents/Work/ProMyze/Code/Themis/infrastructure/dev/sharedinfra/tools/jvm/java-8-openjdk-amd64/jre/lib/rt.jar:/home/cteyton/Documents/Work/ProMyze/Code/Themis/infrastructure/dev/sharedinfra/tools/jvm/java-8-openjdk-amd64/jre/lib/sunrsasign.jar:/home/cteyton/Documents/Work/ProMyze/Code/Themis/infrastructure/dev/sharedinfra/tools/jvm/java-8-openjdk-amd64/jre/lib/jsse.jar:/home/cteyton/Documents/Work/ProMyze/Code/Themis/infrastructure/dev/sharedinfra/tools/jvm/java-8-openjdk-amd64/jre/lib/jce.jar:/home/cteyton/Documents/Work/ProMyze/Code/Themis/infrastructure/dev/sharedinfra/tools/jvm/java-8-openjdk-amd64/jre/lib/charsets.jar:/home/cteyton/Documents/Work/ProMyze/Code/Themis/infrastructure/dev/sharedinfra/tools/jvm/java-8-openjdk-amd64/jre/lib/jfr.jar:/home/cteyton/Documents/Work/ProMyze/Code/Themis/infrastructure/dev/sharedinfra/tools/jvm/java-8-openjdk-amd64/jre/classes"/>
    <property name="java.vendor" value="Oracle Corporation"/>
    <property name="maven.home" value="/home/cteyton/Documents/Work/ProMyze/Code/Themis/infrastructure/dev/sharedinfra/tools/execs/apache-maven-3.2.3"/>
    <property name="sonar.jacoco.reportPath" value="target/jacoco.exec"/>
    <property name="file.separator" value="/"/>
    <property name="sonar.jacoco.reportMissing.force.zero" value="true"/>
    <property name="java.vendor.url.bug" value="http://bugreport.sun.com/bugreport/"/>
    <property name="sun.cpu.endian" value="little"/>
    <property name="sun.io.unicode.encoding" value="UnicodeLittle"/>
    <property name="sun.desktop" value="gnome"/>
    <property name="sonar.language" value="java"/>
    <property name="sun.cpu.isalist" value=""/>
  </properties>
  <testcase classname="ClassTwoTest" name="addition" time="0.004"/>
  <testcase classname="ClassTwoTest" name="substract" time="0.004"/>
  <testcase classname="ClassTwoTest" name="multiplication" time="0.003"/>
</testsuite>